c:\users\86185\desktop\algorithm\c++\test\demo\x64\debug\vc140.pdb
c:\users\86185\desktop\algorithm\c++\test\demo\x64\debug\vc140.idb
c:\users\86185\desktop\algorithm\c++\test\demo\x64\debug\about_class.obj
c:\users\86185\desktop\algorithm\c++\test\demo\x64\debug\about_class2.obj
c:\users\86185\desktop\algorithm\c++\test\demo\x64\debug\about_class3.obj
c:\users\86185\desktop\algorithm\c++\test\demo\x64\debug\about_class4.obj
c:\users\86185\desktop\algorithm\c++\test\demo\x64\debug\about_exception.obj
c:\users\86185\desktop\algorithm\c++\test\demo\x64\debug\about_template.obj
c:\users\86185\desktop\algorithm\c++\test\demo\x64\debug\base_data_type.obj
c:\users\86185\desktop\algorithm\c++\test\demo\x64\debug\data_type.obj
c:\users\86185\desktop\algorithm\c++\test\demo\x64\debug\example.obj
c:\users\86185\desktop\algorithm\c++\test\demo\x64\debug\function.obj
c:\users\86185\desktop\algorithm\c++\test\demo\x64\debug\main.obj
c:\users\86185\desktop\algorithm\c++\test\demo\x64\debug\operator.obj
c:\users\86185\desktop\algorithm\c++\test\demo\x64\debug\pointer.obj
c:\users\86185\desktop\algorithm\c++\test\demo\x64\debug\standard_library.obj
c:\users\86185\desktop\algorithm\c++\test\demo\x64\debug\stl.obj
c:\users\86185\desktop\algorithm\c++\test\x64\debug\demo.ilk
c:\users\86185\desktop\algorithm\c++\test\x64\debug\demo.exe
c:\users\86185\desktop\algorithm\c++\test\x64\debug\demo.pdb
d:\zhangmujie\c++\datastructure\basic\demo\x64\debug\about_class.obj
d:\zhangmujie\c++\datastructure\basic\demo\x64\debug\about_class2.obj
d:\zhangmujie\c++\datastructure\basic\demo\x64\debug\about_class3.obj
d:\zhangmujie\c++\datastructure\basic\demo\x64\debug\about_class4.obj
d:\zhangmujie\c++\datastructure\basic\demo\x64\debug\about_exception.obj
d:\zhangmujie\c++\datastructure\basic\demo\x64\debug\about_template.obj
d:\zhangmujie\c++\datastructure\basic\demo\x64\debug\base_data_type.obj
d:\zhangmujie\c++\datastructure\basic\demo\x64\debug\data_type.obj
d:\zhangmujie\c++\datastructure\basic\demo\x64\debug\example.obj
d:\zhangmujie\c++\datastructure\basic\demo\x64\debug\function.obj
d:\zhangmujie\c++\datastructure\basic\demo\x64\debug\main.obj
d:\zhangmujie\c++\datastructure\basic\demo\x64\debug\operator.obj
d:\zhangmujie\c++\datastructure\basic\demo\x64\debug\pointer.obj
d:\zhangmujie\c++\datastructure\basic\demo\x64\debug\standard_library.obj
d:\zhangmujie\c++\datastructure\basic\demo\x64\debug\stl.obj
d:\zhangmujie\c++\datastructure\basic\demo\x64\debug\vc140.idb
d:\zhangmujie\c++\datastructure\basic\demo\x64\debug\vc140.pdb
d:\zhangmujie\c++\datastructure\basic\x64\debug\demo.pdb
d:\zhangmujie\c++\datastructure\basic\x64\debug\demo.exe
d:\zhangmujie\c++\datastructure\basic\x64\debug\demo.ilk
d:\zhangmujie\c++\datastructure\basic\demo\x64\debug\demo.tlog\cl.command.1.tlog
d:\zhangmujie\c++\datastructure\basic\demo\x64\debug\demo.tlog\cl.read.1.tlog
d:\zhangmujie\c++\datastructure\basic\demo\x64\debug\demo.tlog\cl.write.1.tlog
d:\zhangmujie\c++\datastructure\basic\demo\x64\debug\demo.tlog\link.command.1.tlog
d:\zhangmujie\c++\datastructure\basic\demo\x64\debug\demo.tlog\link.read.1.tlog
d:\zhangmujie\c++\datastructure\basic\demo\x64\debug\demo.tlog\link.write.1.tlog
